C:\USERS\11527\DESKTOP\ANALOGSYSTEM\ANALOGSYSTEM\RELEASE\ANALOGSYSTEM.EXE.INTERMEDIATE.MANIFEST
C:\USERS\11527\DESKTOP\ANALOGSYSTEM\ANALOGSYSTEM\RELEASE\ANALOGSYSTEM.OBJ
C:\USERS\11527\DESKTOP\ANALOGSYSTEM\ANALOGSYSTEM\RELEASE\ANALOGSYSTEM.PCH
C:\USERS\11527\DESKTOP\ANALOGSYSTEM\ANALOGSYSTEM\RELEASE\ANALOGSYSTEM.RES
C:\Users\11527\Desktop\AnalogSystem\AnalogSystem\Release\AnalogSystem.write.1.tlog
C:\USERS\11527\DESKTOP\ANALOGSYSTEM\ANALOGSYSTEM\RELEASE\ANALOGSYSTEMDLG.OBJ
C:\Users\11527\Desktop\AnalogSystem\AnalogSystem\Release\cl.command.1.tlog
C:\Users\11527\Desktop\AnalogSystem\AnalogSystem\Release\CL.read.1.tlog
C:\Users\11527\Desktop\AnalogSystem\AnalogSystem\Release\CL.write.1.tlog
C:\USERS\11527\DESKTOP\ANALOGSYSTEM\ANALOGSYSTEM\RELEASE\DATABASE.OBJ
C:\Users\11527\Desktop\AnalogSystem\AnalogSystem\Release\link.command.1.tlog
C:\Users\11527\Desktop\AnalogSystem\AnalogSystem\Release\link.read.1.tlog
C:\Users\11527\Desktop\AnalogSystem\AnalogSystem\Release\link.write.1.tlog
C:\Users\11527\Desktop\AnalogSystem\AnalogSystem\Release\link-cvtres.read.1.tlog
C:\Users\11527\Desktop\AnalogSystem\AnalogSystem\Release\link-cvtres.write.1.tlog
C:\Users\11527\Desktop\AnalogSystem\AnalogSystem\Release\msado15.tlh
C:\Users\11527\Desktop\AnalogSystem\AnalogSystem\Release\msado15.tli
C:\Users\11527\Desktop\AnalogSystem\AnalogSystem\Release\msadox.tlh
C:\Users\11527\Desktop\AnalogSystem\AnalogSystem\Release\msadox.tli
C:\Users\11527\Desktop\AnalogSystem\AnalogSystem\Release\msxml6.tlh
C:\Users\11527\Desktop\AnalogSystem\AnalogSystem\Release\msxml6.tli
C:\Users\11527\Desktop\AnalogSystem\AnalogSystem\Release\mt.command.1.tlog
C:\Users\11527\Desktop\AnalogSystem\AnalogSystem\Release\mt.read.1.tlog
C:\Users\11527\Desktop\AnalogSystem\AnalogSystem\Release\mt.write.1.tlog
C:\USERS\11527\DESKTOP\ANALOGSYSTEM\ANALOGSYSTEM\RELEASE\PROCESSDIG.OBJ
C:\Users\11527\Desktop\AnalogSystem\AnalogSystem\Release\rc.command.1.tlog
C:\Users\11527\Desktop\AnalogSystem\AnalogSystem\Release\rc.read.1.tlog
C:\Users\11527\Desktop\AnalogSystem\AnalogSystem\Release\rc.write.1.tlog
C:\USERS\11527\DESKTOP\ANALOGSYSTEM\ANALOGSYSTEM\RELEASE\STDAFX.OBJ
C:\USERS\11527\DESKTOP\ANALOGSYSTEM\ANALOGSYSTEM\RELEASE\VC100.PDB
C:\USERS\11527\DESKTOP\ANALOGSYSTEM\RELEASE\ANALOGSYSTEM.EXE
C:\USERS\11527\DESKTOP\ANALOGSYSTEM\RELEASE\ANALOGSYSTEM.PDB
