生成启动时间为 2019/12/12 16:27:20。
     1>项目“C:\Users\11527\Desktop\Code\myProject\AnalogSystem\AnalogSystem\AnalogSystem.vcxproj”在节点 2 上(build 个目标)。
     1>InitializeBuildStatus:
         正在创建“Debug\AnalogSystem.unsuccessfulbuild”，因为已指定“AlwaysCreate”。
       ClCompile:
         所有输出均为最新。
         C:\VS 2010\VC\bin\CL.exe /c /ZI /nologo /W3 /WX- /Od /Oy- /D WIN32 /D _WINDOWS /D _DEBUG /D _UNICODE /D UNICODE /D _AFXDLL /Gm /EHsc /RTC1 /MDd /GS /fp:precise /Zc:wchar_t /Zc:forScope /Yu"StdAfx.h" /Fp"Debug\AnalogSystem.pch" /Fo"Debug\\" /Fd"Debug\vc100.pdb" /Gd /TP /analyze- /errorReport:prompt AnalogSystem.cpp AnalogSystemDlg.cpp ProcessDig.cpp
         AnalogSystemDlg.cpp
         正在生成代码...
     1>c:\users\11527\desktop\code\myproject\analogsystem\analogsystem\analogsystemdlg.cpp(798): warning C4700: 使用了未初始化的局部变量“Mem”
         正在跳过...(未检测到相关更改)
         ProcessDig.cpp
         AnalogSystem.cpp
       ResourceCompile:
         所有输出均为最新。
       ManifestResourceCompile:
         所有输出均为最新。
       Link:
         C:\VS 2010\VC\bin\link.exe /ERRORREPORT:PROMPT /OUT:"C:\Users\11527\Desktop\Code\myProject\AnalogSystem\Debug\AnalogSystem.exe" /INCREMENTAL /NOLOGO /MANIFEST /ManifestFile:"Debug\AnalogSystem.exe.intermediate.manifest" /MANIFESTUAC:"level='asInvoker' uiAccess='false'" /DEBUG /PDB:"C:\Users\11527\Desktop\Code\myProject\AnalogSystem\Debug\AnalogSystem.pdb" /SUBSYSTEM:WINDOWS /TLBID:1 /ENTRY:"wWinMainCRTStartup" /DYNAMICBASE /NXCOMPAT /IMPLIB:"C:\Users\11527\Desktop\Code\myProject\AnalogSystem\Debug\AnalogSystem.lib" /MACHINE:X86 Debug\AnalogSystem.res
         Debug\AnalogSystem.exe.embed.manifest.res
         Debug\AnalogSystem.obj
         Debug\AnalogSystemDlg.obj
         Debug\DataBase.obj
         Debug\ProcessDig.obj
         Debug\stdafx.obj
       Manifest:
         C:\Program Files (x86)\Microsoft SDKs\Windows\v7.0A\bin\mt.exe /nologo /verbose /out:"Debug\AnalogSystem.exe.embed.manifest" /manifest Debug\AnalogSystem.exe.intermediate.manifest "C:\VS 2010\VC\Include\Manifest\dpiaware.manifest"
         所有输出均为最新。
       LinkEmbedManifest:
         所有输出均为最新。
         AnalogSystem.vcxproj -> C:\Users\11527\Desktop\Code\myProject\AnalogSystem\Debug\AnalogSystem.exe
       FinalizeBuildStatus:
         正在删除文件“Debug\AnalogSystem.unsuccessfulbuild”。
         正在对“Debug\AnalogSystem.lastbuildstate”执行 Touch 任务。
     1>已完成生成项目“C:\Users\11527\Desktop\Code\myProject\AnalogSystem\AnalogSystem\AnalogSystem.vcxproj”(build 个目标)的操作。

生成成功。

已用时间 00:00:00.91
