C:\USERS\11527\DESKTOP\ANALOGSYSTEM\ANALOGSYSTEM\DEBUG\ANALOGSYSTEM.EXE.EMBED.MANIFEST
C:\USERS\11527\DESKTOP\ANALOGSYSTEM\ANALOGSYSTEM\DEBUG\ANALOGSYSTEM.EXE.EMBED.MANIFEST.RES
C:\USERS\11527\DESKTOP\ANALOGSYSTEM\ANALOGSYSTEM\DEBUG\ANALOGSYSTEM.EXE.INTERMEDIATE.MANIFEST
C:\USERS\11527\DESKTOP\ANALOGSYSTEM\ANALOGSYSTEM\DEBUG\ANALOGSYSTEM.OBJ
C:\USERS\11527\DESKTOP\ANALOGSYSTEM\ANALOGSYSTEM\DEBUG\ANALOGSYSTEM.PCH
C:\USERS\11527\DESKTOP\ANALOGSYSTEM\ANALOGSYSTEM\DEBUG\ANALOGSYSTEM.RES
C:\Users\11527\Desktop\AnalogSystem\AnalogSystem\Debug\AnalogSystem.vcxprojResolveAssemblyReference.cache
C:\Users\11527\Desktop\AnalogSystem\AnalogSystem\Debug\AnalogSystem.write.1.tlog
C:\Users\11527\Desktop\AnalogSystem\AnalogSystem\Debug\AnalogSystem_manifest.rc
C:\USERS\11527\DESKTOP\ANALOGSYSTEM\ANALOGSYSTEM\DEBUG\ANALOGSYSTEMDLG.OBJ
C:\Users\11527\Desktop\AnalogSystem\AnalogSystem\Debug\cl.command.1.tlog
C:\Users\11527\Desktop\AnalogSystem\AnalogSystem\Debug\CL.read.1.tlog
C:\Users\11527\Desktop\AnalogSystem\AnalogSystem\Debug\CL.write.1.tlog
C:\USERS\11527\DESKTOP\ANALOGSYSTEM\ANALOGSYSTEM\DEBUG\DATABASE.OBJ
C:\Users\11527\Desktop\AnalogSystem\AnalogSystem\Debug\link.command.1.tlog
C:\Users\11527\Desktop\AnalogSystem\AnalogSystem\Debug\link.read.1.tlog
C:\Users\11527\Desktop\AnalogSystem\AnalogSystem\Debug\link.write.1.tlog
C:\Users\11527\Desktop\AnalogSystem\AnalogSystem\Debug\link-cvtres.read.1.tlog
C:\Users\11527\Desktop\AnalogSystem\AnalogSystem\Debug\link-cvtres.write.1.tlog
C:\Users\11527\Desktop\AnalogSystem\AnalogSystem\Debug\msado15.tlh
C:\Users\11527\Desktop\AnalogSystem\AnalogSystem\Debug\msado15.tli
C:\Users\11527\Desktop\AnalogSystem\AnalogSystem\Debug\msadox.tlh
C:\Users\11527\Desktop\AnalogSystem\AnalogSystem\Debug\msadox.tli
C:\Users\11527\Desktop\AnalogSystem\AnalogSystem\Debug\msxml6.tlh
C:\Users\11527\Desktop\AnalogSystem\AnalogSystem\Debug\msxml6.tli
C:\Users\11527\Desktop\AnalogSystem\AnalogSystem\Debug\mt.command.1.tlog
C:\Users\11527\Desktop\AnalogSystem\AnalogSystem\Debug\mt.read.1.tlog
C:\Users\11527\Desktop\AnalogSystem\AnalogSystem\Debug\mt.write.1.tlog
C:\USERS\11527\DESKTOP\ANALOGSYSTEM\ANALOGSYSTEM\DEBUG\PROCESSDIG.OBJ
C:\Users\11527\Desktop\AnalogSystem\AnalogSystem\Debug\rc.command.1.tlog
C:\Users\11527\Desktop\AnalogSystem\AnalogSystem\Debug\rc.read.1.tlog
C:\Users\11527\Desktop\AnalogSystem\AnalogSystem\Debug\rc.write.1.tlog
C:\USERS\11527\DESKTOP\ANALOGSYSTEM\ANALOGSYSTEM\DEBUG\STDAFX.OBJ
C:\Users\11527\Desktop\AnalogSystem\AnalogSystem\Debug\vc100.idb
C:\USERS\11527\DESKTOP\ANALOGSYSTEM\ANALOGSYSTEM\DEBUG\VC100.PDB
C:\USERS\11527\DESKTOP\ANALOGSYSTEM\DEBUG\ANALOGSYSTEM.EXE
C:\USERS\11527\DESKTOP\ANALOGSYSTEM\DEBUG\ANALOGSYSTEM.ILK
C:\USERS\11527\DESKTOP\ANALOGSYSTEM\DEBUG\ANALOGSYSTEM.PDB
